Starting online demo
----------------------------


Run 0
RL-Glue C Experiment Codec Version 2.0, Build 576
	Connecting to host=127.0.0.1 on port=4096...
	RL-Glue C Experiment Codec :: Connected
Run 1
Run 2
Run 3
Run 4
Run 5
Run 6
Run 7
Run 8
Run 9
32.7 # episode reward
38.3 # episode reward
42.7 # episode reward
102.7 # episode reward
36.8 # episode reward
43.9 # episode reward
42.4 # episode reward
67.6 # episode reward
39.2 # episode reward
27.9 # episode reward
64.6 # episode reward
59.9 # episode reward
37.7 # episode reward
60.4 # episode reward
78.3 # episode reward
63.4 # episode reward
43.9 # episode reward
47.6 # episode reward
39 # episode reward
83.1 # episode reward
68.3 # episode reward
32.6 # episode reward
92.4 # episode reward
61.4 # episode reward
51.1 # episode reward
71.5 # episode reward
67 # episode reward
65.3 # episode reward
40.8 # episode reward
53.7 # episode reward
66.8 # episode reward
65 # episode reward
101.6 # episode reward
85.7 # episode reward
26.2 # episode reward
18.2 # episode reward
121.4 # episode reward
51.2 # episode reward
71.4 # episode reward
73.4 # episode reward
83.1 # episode reward
72.6 # episode reward
73.4 # episode reward
104.2 # episode reward
39.5 # episode reward
100.4 # episode reward
57.7 # episode reward
97.5 # episode reward
68 # episode reward
59.5 # episode reward
72.7 # episode reward
110.7 # episode reward
105.1 # episode reward
90.2 # episode reward
48.9 # episode reward
71 # episode reward
72.2 # episode reward
53.8 # episode reward
106.5 # episode reward
33.1 # episode reward
36.9 # episode reward
51.4 # episode reward
88.5 # episode reward
29.3 # episode reward
50.8 # episode reward
69 # episode reward
103.8 # episode reward
61.7 # episode reward
86 # episode reward
120.8 # episode reward
72.6 # episode reward
82.8 # episode reward
23.8 # episode reward
84.8 # episode reward
156.6 # episode reward
102.5 # episode reward
81.2 # episode reward
193.8 # episode reward
65.6 # episode reward
95.5 # episode reward
99.9 # episode reward
94.6 # episode reward
98.8 # episode reward
104.6 # episode reward
86.1 # episode reward
72.8 # episode reward
72.2 # episode reward
87.2 # episode reward
102.5 # episode reward
68.4 # episode reward
140.3 # episode reward
58.6 # episode reward
45.9 # episode reward
75.5 # episode reward
120.9 # episode reward
68.8 # episode reward
53.7 # episode reward
64.6 # episode reward
76.1 # episode reward
118 # episode reward
7224.1 # average total reward over runs

Program Complete.
