12/18/2013 12:54:28 PM Cleaning dir
12/18/2013 12:54:28 PM make clean done.
12/18/2013 12:54:28 PM Running Makefile
12/18/2013 12:54:33 PM make done.
12/18/2013 12:54:33 PM Environments found:['environments/mines/MinesEnvironment', 'environments/tictactoe/TictactoeEnvironment', 'environments/bandits/BanditEnvironment', 'environments/chain/ChainEnvironment', 'environments/loop/LoopEnvironment', 'environments/contextbandit/ContextBanditEnvironment', 'environments/connectfour/ConnectfourEnvironment']
12/18/2013 12:54:33 PM Running: environments/mines/MinesEnvironment for the 0th time
12/18/2013 12:54:33 PM * starting rl_glue
12/18/2013 12:54:33 PM * starting agent ./agent/LibRLAgent
12/18/2013 12:54:33 PM * starting env with ./environments/mines/MinesEnvironment
12/18/2013 12:54:33 PM Running: environments/tictactoe/TictactoeEnvironment for the 0th time
12/18/2013 12:54:33 PM * starting rl_glue
12/18/2013 12:54:33 PM * starting agent ./agent/LibRLAgent
12/18/2013 12:54:33 PM * starting env with ./environments/tictactoe/TictactoeEnvironment
12/18/2013 12:54:35 PM Running: environments/bandits/BanditEnvironment for the 0th time
12/18/2013 12:54:35 PM * starting rl_glue
12/18/2013 12:54:35 PM * starting agent ./agent/LibRLAgent
12/18/2013 12:54:35 PM * starting env with ./environments/bandits/BanditEnvironment
12/18/2013 12:54:43 PM Running: environments/chain/ChainEnvironment for the 0th time
12/18/2013 12:54:43 PM * starting rl_glue
12/18/2013 12:54:43 PM * starting agent ./agent/LibRLAgent
12/18/2013 12:54:43 PM * starting env with ./environments/chain/ChainEnvironment
12/18/2013 12:54:45 PM Running: environments/loop/LoopEnvironment for the 0th time
12/18/2013 12:54:45 PM * starting rl_glue
12/18/2013 12:54:45 PM * starting agent ./agent/LibRLAgent
12/18/2013 12:54:45 PM * starting env with ./environments/loop/LoopEnvironment
12/18/2013 12:54:46 PM Running: environments/contextbandit/ContextBanditEnvironment for the 0th time
12/18/2013 12:54:46 PM * starting rl_glue
12/18/2013 12:54:46 PM * starting agent ./agent/LibRLAgent
12/18/2013 12:54:46 PM * starting env with ./environments/contextbandit/ContextBanditEnvironment
12/18/2013 12:54:47 PM Running: environments/connectfour/ConnectfourEnvironment for the 0th time
12/18/2013 12:54:47 PM * starting rl_glue
12/18/2013 12:54:47 PM * starting agent ./agent/LibRLAgent
12/18/2013 12:54:47 PM * starting env with ./environments/connectfour/ConnectfourEnvironment
12/18/2013 12:54:48 PM Running: environments/mines/MinesEnvironment for the 0th time
12/18/2013 12:54:48 PM * starting rl_glue
12/18/2013 12:54:48 PM * starting agent ./agent/LibRLAgent
12/18/2013 12:54:48 PM * starting env with ./environments/mines/MinesEnvironment
12/18/2013 12:54:48 PM Running: environments/tictactoe/TictactoeEnvironment for the 0th time
12/18/2013 12:54:48 PM * starting rl_glue
12/18/2013 12:54:48 PM * starting agent ./agent/LibRLAgent
12/18/2013 12:54:48 PM * starting env with ./environments/tictactoe/TictactoeEnvironment
12/18/2013 12:54:52 PM Running: environments/bandits/BanditEnvironment for the 0th time
12/18/2013 12:54:52 PM * starting rl_glue
12/18/2013 12:54:52 PM * starting agent ./agent/LibRLAgent
12/18/2013 12:54:52 PM * starting env with ./environments/bandits/BanditEnvironment
12/18/2013 12:55:01 PM Running: environments/chain/ChainEnvironment for the 0th time
12/18/2013 12:55:01 PM * starting rl_glue
12/18/2013 12:55:01 PM * starting agent ./agent/LibRLAgent
12/18/2013 12:55:01 PM * starting env with ./environments/chain/ChainEnvironment
12/18/2013 12:55:02 PM Running: environments/loop/LoopEnvironment for the 0th time
12/18/2013 12:55:02 PM * starting rl_glue
12/18/2013 12:55:02 PM * starting agent ./agent/LibRLAgent
12/18/2013 12:55:02 PM * starting env with ./environments/loop/LoopEnvironment
12/18/2013 12:55:04 PM Running: environments/contextbandit/ContextBanditEnvironment for the 0th time
12/18/2013 12:55:04 PM * starting rl_glue
12/18/2013 12:55:04 PM * starting agent ./agent/LibRLAgent
12/18/2013 12:55:04 PM * starting env with ./environments/contextbandit/ContextBanditEnvironment
12/18/2013 12:55:06 PM Running: environments/connectfour/ConnectfourEnvironment for the 0th time
12/18/2013 12:55:06 PM * starting rl_glue
12/18/2013 12:55:06 PM * starting agent ./agent/LibRLAgent
12/18/2013 12:55:06 PM * starting env with ./environments/connectfour/ConnectfourEnvironment
12/18/2013 12:55:07 PM Running: environments/mines/MinesEnvironment for the 0th time
12/18/2013 12:55:07 PM * starting rl_glue
12/18/2013 12:55:07 PM * starting agent ./agent/LibRLAgent
12/18/2013 12:55:07 PM * starting env with ./environments/mines/MinesEnvironment
12/18/2013 12:55:07 PM Running: environments/tictactoe/TictactoeEnvironment for the 0th time
12/18/2013 12:55:07 PM * starting rl_glue
12/18/2013 12:55:07 PM * starting agent ./agent/LibRLAgent
12/18/2013 12:55:07 PM * starting env with ./environments/tictactoe/TictactoeEnvironment
12/18/2013 12:55:11 PM Running: environments/bandits/BanditEnvironment for the 0th time
12/18/2013 12:55:11 PM * starting rl_glue
12/18/2013 12:55:11 PM * starting agent ./agent/LibRLAgent
12/18/2013 12:55:11 PM * starting env with ./environments/bandits/BanditEnvironment
12/18/2013 12:55:17 PM Running: environments/chain/ChainEnvironment for the 0th time
12/18/2013 12:55:17 PM * starting rl_glue
12/18/2013 12:55:17 PM * starting agent ./agent/LibRLAgent
12/18/2013 12:55:17 PM * starting env with ./environments/chain/ChainEnvironment
12/18/2013 12:55:19 PM Running: environments/loop/LoopEnvironment for the 0th time
12/18/2013 12:55:19 PM * starting rl_glue
12/18/2013 12:55:19 PM * starting agent ./agent/LibRLAgent
12/18/2013 12:55:19 PM * starting env with ./environments/loop/LoopEnvironment
12/18/2013 12:55:20 PM Running: environments/contextbandit/ContextBanditEnvironment for the 0th time
12/18/2013 12:55:20 PM * starting rl_glue
12/18/2013 12:55:20 PM * starting agent ./agent/LibRLAgent
12/18/2013 12:55:20 PM * starting env with ./environments/contextbandit/ContextBanditEnvironment
12/18/2013 12:55:22 PM Running: environments/connectfour/ConnectfourEnvironment for the 0th time
12/18/2013 12:55:22 PM * starting rl_glue
12/18/2013 12:55:22 PM * starting agent ./agent/LibRLAgent
12/18/2013 12:55:22 PM * starting env with ./environments/connectfour/ConnectfourEnvironment
12/18/2013 12:55:22 PM Running: environments/mines/MinesEnvironment for the 0th time
12/18/2013 12:55:22 PM * starting rl_glue
12/18/2013 12:55:22 PM * starting agent ./agent/LibRLAgent
12/18/2013 12:55:22 PM * starting env with ./environments/mines/MinesEnvironment
12/18/2013 12:55:22 PM Running: environments/tictactoe/TictactoeEnvironment for the 0th time
12/18/2013 12:55:22 PM * starting rl_glue
12/18/2013 12:55:22 PM * starting agent ./agent/LibRLAgent
12/18/2013 12:55:22 PM * starting env with ./environments/tictactoe/TictactoeEnvironment
12/18/2013 12:55:25 PM Running: environments/bandits/BanditEnvironment for the 0th time
12/18/2013 12:55:25 PM * starting rl_glue
12/18/2013 12:55:25 PM * starting agent ./agent/LibRLAgent
12/18/2013 12:55:25 PM * starting env with ./environments/bandits/BanditEnvironment
12/18/2013 12:55:32 PM Running: environments/chain/ChainEnvironment for the 0th time
12/18/2013 12:55:32 PM * starting rl_glue
12/18/2013 12:55:32 PM * starting agent ./agent/LibRLAgent
12/18/2013 12:55:32 PM * starting env with ./environments/chain/ChainEnvironment
12/18/2013 12:55:34 PM Running: environments/loop/LoopEnvironment for the 0th time
12/18/2013 12:55:34 PM * starting rl_glue
12/18/2013 12:55:34 PM * starting agent ./agent/LibRLAgent
12/18/2013 12:55:34 PM * starting env with ./environments/loop/LoopEnvironment
12/18/2013 12:55:35 PM Running: environments/contextbandit/ContextBanditEnvironment for the 0th time
12/18/2013 12:55:35 PM * starting rl_glue
12/18/2013 12:55:35 PM * starting agent ./agent/LibRLAgent
12/18/2013 12:55:35 PM * starting env with ./environments/contextbandit/ContextBanditEnvironment
12/18/2013 12:55:38 PM Running: environments/connectfour/ConnectfourEnvironment for the 0th time
12/18/2013 12:55:38 PM * starting rl_glue
12/18/2013 12:55:38 PM * starting agent ./agent/LibRLAgent
12/18/2013 12:55:38 PM * starting env with ./environments/connectfour/ConnectfourEnvironment
12/18/2013 12:55:38 PM Running: environments/mines/MinesEnvironment for the 0th time
12/18/2013 12:55:38 PM * starting rl_glue
12/18/2013 12:55:38 PM * starting agent ./agent/LibRLAgent
12/18/2013 12:55:38 PM * starting env with ./environments/mines/MinesEnvironment
12/18/2013 12:55:38 PM Running: environments/tictactoe/TictactoeEnvironment for the 0th time
12/18/2013 12:55:38 PM * starting rl_glue
12/18/2013 12:55:38 PM * starting agent ./agent/LibRLAgent
12/18/2013 12:55:38 PM * starting env with ./environments/tictactoe/TictactoeEnvironment
12/18/2013 12:55:42 PM Running: environments/bandits/BanditEnvironment for the 0th time
12/18/2013 12:55:42 PM * starting rl_glue
12/18/2013 12:55:42 PM * starting agent ./agent/LibRLAgent
12/18/2013 12:55:42 PM * starting env with ./environments/bandits/BanditEnvironment
12/18/2013 12:55:51 PM Running: environments/chain/ChainEnvironment for the 0th time
12/18/2013 12:55:51 PM * starting rl_glue
12/18/2013 12:55:51 PM * starting agent ./agent/LibRLAgent
12/18/2013 12:55:51 PM * starting env with ./environments/chain/ChainEnvironment
12/18/2013 12:55:53 PM Running: environments/loop/LoopEnvironment for the 0th time
12/18/2013 12:55:53 PM * starting rl_glue
12/18/2013 12:55:53 PM * starting agent ./agent/LibRLAgent
12/18/2013 12:55:53 PM * starting env with ./environments/loop/LoopEnvironment
12/18/2013 12:55:54 PM Running: environments/contextbandit/ContextBanditEnvironment for the 0th time
12/18/2013 12:55:54 PM * starting rl_glue
12/18/2013 12:55:54 PM * starting agent ./agent/LibRLAgent
12/18/2013 12:55:54 PM * starting env with ./environments/contextbandit/ContextBanditEnvironment
12/18/2013 12:55:56 PM Running: environments/connectfour/ConnectfourEnvironment for the 0th time
12/18/2013 12:55:56 PM * starting rl_glue
12/18/2013 12:55:56 PM * starting agent ./agent/LibRLAgent
12/18/2013 12:55:56 PM * starting env with ./environments/connectfour/ConnectfourEnvironment
12/18/2013 12:55:56 PM Running: environments/mines/MinesEnvironment for the 0th time
12/18/2013 12:55:56 PM * starting rl_glue
12/18/2013 12:55:56 PM * starting agent ./agent/LibRLAgent
12/18/2013 12:55:56 PM * starting env with ./environments/mines/MinesEnvironment
12/18/2013 12:55:57 PM Running: environments/tictactoe/TictactoeEnvironment for the 0th time
12/18/2013 12:55:57 PM * starting rl_glue
12/18/2013 12:55:57 PM * starting agent ./agent/LibRLAgent
12/18/2013 12:55:57 PM * starting env with ./environments/tictactoe/TictactoeEnvironment
12/18/2013 12:56:01 PM Running: environments/bandits/BanditEnvironment for the 0th time
12/18/2013 12:56:01 PM * starting rl_glue
12/18/2013 12:56:01 PM * starting agent ./agent/LibRLAgent
12/18/2013 12:56:01 PM * starting env with ./environments/bandits/BanditEnvironment
12/18/2013 12:56:08 PM Running: environments/chain/ChainEnvironment for the 0th time
12/18/2013 12:56:08 PM * starting rl_glue
12/18/2013 12:56:08 PM * starting agent ./agent/LibRLAgent
12/18/2013 12:56:08 PM * starting env with ./environments/chain/ChainEnvironment
12/18/2013 12:56:09 PM Running: environments/loop/LoopEnvironment for the 0th time
12/18/2013 12:56:09 PM * starting rl_glue
12/18/2013 12:56:09 PM * starting agent ./agent/LibRLAgent
12/18/2013 12:56:09 PM * starting env with ./environments/loop/LoopEnvironment
12/18/2013 12:56:11 PM Running: environments/contextbandit/ContextBanditEnvironment for the 0th time
12/18/2013 12:56:11 PM * starting rl_glue
12/18/2013 12:56:11 PM * starting agent ./agent/LibRLAgent
12/18/2013 12:56:11 PM * starting env with ./environments/contextbandit/ContextBanditEnvironment
12/18/2013 12:56:13 PM Running: environments/connectfour/ConnectfourEnvironment for the 0th time
12/18/2013 12:56:13 PM * starting rl_glue
12/18/2013 12:56:13 PM * starting agent ./agent/LibRLAgent
12/18/2013 12:56:13 PM * starting env with ./environments/connectfour/ConnectfourEnvironment
12/18/2013 12:56:13 PM Running: environments/mines/MinesEnvironment for the 0th time
12/18/2013 12:56:13 PM * starting rl_glue
12/18/2013 12:56:13 PM * starting agent ./agent/LibRLAgent
12/18/2013 12:56:13 PM * starting env with ./environments/mines/MinesEnvironment
12/18/2013 12:56:14 PM Running: environments/tictactoe/TictactoeEnvironment for the 0th time
12/18/2013 12:56:14 PM * starting rl_glue
12/18/2013 12:56:14 PM * starting agent ./agent/LibRLAgent
12/18/2013 12:56:14 PM * starting env with ./environments/tictactoe/TictactoeEnvironment
12/18/2013 12:56:17 PM Running: environments/bandits/BanditEnvironment for the 0th time
12/18/2013 12:56:17 PM * starting rl_glue
12/18/2013 12:56:17 PM * starting agent ./agent/LibRLAgent
12/18/2013 12:56:17 PM * starting env with ./environments/bandits/BanditEnvironment
12/18/2013 12:56:25 PM Running: environments/chain/ChainEnvironment for the 0th time
12/18/2013 12:56:25 PM * starting rl_glue
12/18/2013 12:56:25 PM * starting agent ./agent/LibRLAgent
12/18/2013 12:56:25 PM * starting env with ./environments/chain/ChainEnvironment
12/18/2013 12:56:27 PM Running: environments/loop/LoopEnvironment for the 0th time
12/18/2013 12:56:27 PM * starting rl_glue
12/18/2013 12:56:27 PM * starting agent ./agent/LibRLAgent
12/18/2013 12:56:27 PM * starting env with ./environments/loop/LoopEnvironment
12/18/2013 12:56:29 PM Running: environments/contextbandit/ContextBanditEnvironment for the 0th time
12/18/2013 12:56:29 PM * starting rl_glue
12/18/2013 12:56:29 PM * starting agent ./agent/LibRLAgent
12/18/2013 12:56:29 PM * starting env with ./environments/contextbandit/ContextBanditEnvironment
12/18/2013 12:56:31 PM Running: environments/connectfour/ConnectfourEnvironment for the 0th time
12/18/2013 12:56:31 PM * starting rl_glue
12/18/2013 12:56:31 PM * starting agent ./agent/LibRLAgent
12/18/2013 12:56:31 PM * starting env with ./environments/connectfour/ConnectfourEnvironment
12/18/2013 12:56:32 PM Running: environments/mines/MinesEnvironment for the 0th time
12/18/2013 12:56:32 PM * starting rl_glue
12/18/2013 12:56:32 PM * starting agent ./agent/LibRLAgent
12/18/2013 12:56:32 PM * starting env with ./environments/mines/MinesEnvironment
12/18/2013 12:56:32 PM Running: environments/tictactoe/TictactoeEnvironment for the 0th time
12/18/2013 12:56:32 PM * starting rl_glue
12/18/2013 12:56:32 PM * starting agent ./agent/LibRLAgent
12/18/2013 12:56:32 PM * starting env with ./environments/tictactoe/TictactoeEnvironment
12/18/2013 12:56:35 PM Running: environments/bandits/BanditEnvironment for the 0th time
12/18/2013 12:56:35 PM * starting rl_glue
12/18/2013 12:56:35 PM * starting agent ./agent/LibRLAgent
12/18/2013 12:56:35 PM * starting env with ./environments/bandits/BanditEnvironment
12/18/2013 12:56:43 PM Running: environments/chain/ChainEnvironment for the 0th time
12/18/2013 12:56:43 PM * starting rl_glue
12/18/2013 12:56:43 PM * starting agent ./agent/LibRLAgent
12/18/2013 12:56:43 PM * starting env with ./environments/chain/ChainEnvironment
12/18/2013 12:56:45 PM Running: environments/loop/LoopEnvironment for the 0th time
12/18/2013 12:56:45 PM * starting rl_glue
12/18/2013 12:56:45 PM * starting agent ./agent/LibRLAgent
12/18/2013 12:56:45 PM * starting env with ./environments/loop/LoopEnvironment
12/18/2013 12:56:47 PM Running: environments/contextbandit/ContextBanditEnvironment for the 0th time
12/18/2013 12:56:47 PM * starting rl_glue
12/18/2013 12:56:47 PM * starting agent ./agent/LibRLAgent
12/18/2013 12:56:47 PM * starting env with ./environments/contextbandit/ContextBanditEnvironment
12/18/2013 12:56:49 PM Running: environments/connectfour/ConnectfourEnvironment for the 0th time
12/18/2013 12:56:49 PM * starting rl_glue
12/18/2013 12:56:49 PM * starting agent ./agent/LibRLAgent
12/18/2013 12:56:49 PM * starting env with ./environments/connectfour/ConnectfourEnvironment
12/18/2013 12:56:50 PM Running: environments/mines/MinesEnvironment for the 0th time
12/18/2013 12:56:50 PM * starting rl_glue
12/18/2013 12:56:50 PM * starting agent ./agent/LibRLAgent
12/18/2013 12:56:50 PM * starting env with ./environments/mines/MinesEnvironment
12/18/2013 12:56:50 PM Running: environments/tictactoe/TictactoeEnvironment for the 0th time
12/18/2013 12:56:50 PM * starting rl_glue
12/18/2013 12:56:50 PM * starting agent ./agent/LibRLAgent
12/18/2013 12:56:50 PM * starting env with ./environments/tictactoe/TictactoeEnvironment
12/18/2013 12:56:53 PM Running: environments/bandits/BanditEnvironment for the 0th time
12/18/2013 12:56:53 PM * starting rl_glue
12/18/2013 12:56:53 PM * starting agent ./agent/LibRLAgent
12/18/2013 12:56:53 PM * starting env with ./environments/bandits/BanditEnvironment
12/18/2013 12:56:59 PM Running: environments/chain/ChainEnvironment for the 0th time
12/18/2013 12:56:59 PM * starting rl_glue
12/18/2013 12:56:59 PM * starting agent ./agent/LibRLAgent
12/18/2013 12:56:59 PM * starting env with ./environments/chain/ChainEnvironment
12/18/2013 12:57:01 PM Running: environments/loop/LoopEnvironment for the 0th time
12/18/2013 12:57:01 PM * starting rl_glue
12/18/2013 12:57:01 PM * starting agent ./agent/LibRLAgent
12/18/2013 12:57:01 PM * starting env with ./environments/loop/LoopEnvironment
12/18/2013 12:57:02 PM Running: environments/contextbandit/ContextBanditEnvironment for the 0th time
12/18/2013 12:57:02 PM * starting rl_glue
12/18/2013 12:57:02 PM * starting agent ./agent/LibRLAgent
12/18/2013 12:57:02 PM * starting env with ./environments/contextbandit/ContextBanditEnvironment
12/18/2013 12:57:05 PM Running: environments/connectfour/ConnectfourEnvironment for the 0th time
12/18/2013 12:57:05 PM * starting rl_glue
12/18/2013 12:57:05 PM * starting agent ./agent/LibRLAgent
12/18/2013 12:57:05 PM * starting env with ./environments/connectfour/ConnectfourEnvironment
12/18/2013 12:57:05 PM Running: environments/mines/MinesEnvironment for the 0th time
12/18/2013 12:57:05 PM * starting rl_glue
12/18/2013 12:57:05 PM * starting agent ./agent/LibRLAgent
12/18/2013 12:57:05 PM * starting env with ./environments/mines/MinesEnvironment
12/18/2013 12:57:06 PM Running: environments/tictactoe/TictactoeEnvironment for the 0th time
12/18/2013 12:57:06 PM * starting rl_glue
12/18/2013 12:57:06 PM * starting agent ./agent/LibRLAgent
12/18/2013 12:57:06 PM * starting env with ./environments/tictactoe/TictactoeEnvironment
12/18/2013 12:57:09 PM Running: environments/bandits/BanditEnvironment for the 0th time
12/18/2013 12:57:09 PM * starting rl_glue
12/18/2013 12:57:09 PM * starting agent ./agent/LibRLAgent
12/18/2013 12:57:09 PM * starting env with ./environments/bandits/BanditEnvironment
12/18/2013 12:57:16 PM Running: environments/chain/ChainEnvironment for the 0th time
12/18/2013 12:57:16 PM * starting rl_glue
12/18/2013 12:57:16 PM * starting agent ./agent/LibRLAgent
12/18/2013 12:57:16 PM * starting env with ./environments/chain/ChainEnvironment
12/18/2013 12:57:18 PM Running: environments/loop/LoopEnvironment for the 0th time
12/18/2013 12:57:18 PM * starting rl_glue
12/18/2013 12:57:18 PM * starting agent ./agent/LibRLAgent
12/18/2013 12:57:18 PM * starting env with ./environments/loop/LoopEnvironment
12/18/2013 12:57:19 PM Running: environments/contextbandit/ContextBanditEnvironment for the 0th time
12/18/2013 12:57:19 PM * starting rl_glue
12/18/2013 12:57:19 PM * starting agent ./agent/LibRLAgent
12/18/2013 12:57:19 PM * starting env with ./environments/contextbandit/ContextBanditEnvironment
12/18/2013 12:57:21 PM Running: environments/connectfour/ConnectfourEnvironment for the 0th time
12/18/2013 12:57:21 PM * starting rl_glue
12/18/2013 12:57:21 PM * starting agent ./agent/LibRLAgent
12/18/2013 12:57:21 PM * starting env with ./environments/connectfour/ConnectfourEnvironment
12/18/2013 12:57:22 PM Running: environments/mines/MinesEnvironment for the 0th time
12/18/2013 12:57:22 PM * starting rl_glue
12/18/2013 12:57:22 PM * starting agent ./agent/LibRLAgent
12/18/2013 12:57:22 PM * starting env with ./environments/mines/MinesEnvironment
12/18/2013 12:57:22 PM Running: environments/tictactoe/TictactoeEnvironment for the 0th time
12/18/2013 12:57:22 PM * starting rl_glue
12/18/2013 12:57:22 PM * starting agent ./agent/LibRLAgent
12/18/2013 12:57:22 PM * starting env with ./environments/tictactoe/TictactoeEnvironment
12/18/2013 12:57:25 PM Running: environments/bandits/BanditEnvironment for the 0th time
12/18/2013 12:57:25 PM * starting rl_glue
12/18/2013 12:57:25 PM * starting agent ./agent/LibRLAgent
12/18/2013 12:57:25 PM * starting env with ./environments/bandits/BanditEnvironment
12/18/2013 12:57:33 PM Running: environments/chain/ChainEnvironment for the 0th time
12/18/2013 12:57:33 PM * starting rl_glue
12/18/2013 12:57:33 PM * starting agent ./agent/LibRLAgent
12/18/2013 12:57:33 PM * starting env with ./environments/chain/ChainEnvironment
12/18/2013 12:57:34 PM Running: environments/loop/LoopEnvironment for the 0th time
12/18/2013 12:57:34 PM * starting rl_glue
12/18/2013 12:57:34 PM * starting agent ./agent/LibRLAgent
12/18/2013 12:57:34 PM * starting env with ./environments/loop/LoopEnvironment
12/18/2013 12:57:36 PM Running: environments/contextbandit/ContextBanditEnvironment for the 0th time
12/18/2013 12:57:36 PM * starting rl_glue
12/18/2013 12:57:36 PM * starting agent ./agent/LibRLAgent
12/18/2013 12:57:36 PM * starting env with ./environments/contextbandit/ContextBanditEnvironment
12/18/2013 12:57:38 PM Running: environments/connectfour/ConnectfourEnvironment for the 0th time
12/18/2013 12:57:38 PM * starting rl_glue
12/18/2013 12:57:38 PM * starting agent ./agent/LibRLAgent
12/18/2013 12:57:38 PM * starting env with ./environments/connectfour/ConnectfourEnvironment
12/18/2013 12:57:39 PM Running: environments/mines/MinesEnvironment for the 0th time
12/18/2013 12:57:39 PM * starting rl_glue
12/18/2013 12:57:39 PM * starting agent ./agent/LibRLAgent
12/18/2013 12:57:39 PM * starting env with ./environments/mines/MinesEnvironment
12/18/2013 12:57:39 PM Running: environments/tictactoe/TictactoeEnvironment for the 0th time
12/18/2013 12:57:39 PM * starting rl_glue
12/18/2013 12:57:39 PM * starting agent ./agent/LibRLAgent
12/18/2013 12:57:39 PM * starting env with ./environments/tictactoe/TictactoeEnvironment
12/18/2013 12:57:42 PM Running: environments/bandits/BanditEnvironment for the 0th time
12/18/2013 12:57:42 PM * starting rl_glue
12/18/2013 12:57:42 PM * starting agent ./agent/LibRLAgent
12/18/2013 12:57:42 PM * starting env with ./environments/bandits/BanditEnvironment
12/18/2013 12:57:51 PM Running: environments/chain/ChainEnvironment for the 0th time
12/18/2013 12:57:51 PM * starting rl_glue
12/18/2013 12:57:51 PM * starting agent ./agent/LibRLAgent
12/18/2013 12:57:51 PM * starting env with ./environments/chain/ChainEnvironment
12/18/2013 12:57:52 PM Running: environments/loop/LoopEnvironment for the 0th time
12/18/2013 12:57:52 PM * starting rl_glue
12/18/2013 12:57:52 PM * starting agent ./agent/LibRLAgent
12/18/2013 12:57:52 PM * starting env with ./environments/loop/LoopEnvironment
12/18/2013 12:57:54 PM Running: environments/contextbandit/ContextBanditEnvironment for the 0th time
12/18/2013 12:57:54 PM * starting rl_glue
12/18/2013 12:57:54 PM * starting agent ./agent/LibRLAgent
12/18/2013 12:57:54 PM * starting env with ./environments/contextbandit/ContextBanditEnvironment
12/18/2013 12:57:56 PM Running: environments/connectfour/ConnectfourEnvironment for the 0th time
12/18/2013 12:57:56 PM * starting rl_glue
12/18/2013 12:57:56 PM * starting agent ./agent/LibRLAgent
12/18/2013 12:57:56 PM * starting env with ./environments/connectfour/ConnectfourEnvironment
12/18/2013 12:57:57 PM Running: environments/mines/MinesEnvironment for the 0th time
12/18/2013 12:57:57 PM * starting rl_glue
12/18/2013 12:57:57 PM * starting agent ./agent/LibRLAgent
12/18/2013 12:57:57 PM * starting env with ./environments/mines/MinesEnvironment
12/18/2013 12:57:57 PM Running: environments/tictactoe/TictactoeEnvironment for the 0th time
12/18/2013 12:57:57 PM * starting rl_glue
12/18/2013 12:57:57 PM * starting agent ./agent/LibRLAgent
12/18/2013 12:57:57 PM * starting env with ./environments/tictactoe/TictactoeEnvironment
12/18/2013 12:58:00 PM Running: environments/bandits/BanditEnvironment for the 0th time
12/18/2013 12:58:00 PM * starting rl_glue
12/18/2013 12:58:00 PM * starting agent ./agent/LibRLAgent
12/18/2013 12:58:00 PM * starting env with ./environments/bandits/BanditEnvironment
12/18/2013 12:58:08 PM Running: environments/chain/ChainEnvironment for the 0th time
12/18/2013 12:58:08 PM * starting rl_glue
12/18/2013 12:58:08 PM * starting agent ./agent/LibRLAgent
12/18/2013 12:58:08 PM * starting env with ./environments/chain/ChainEnvironment
12/18/2013 12:58:09 PM Running: environments/loop/LoopEnvironment for the 0th time
12/18/2013 12:58:09 PM * starting rl_glue
12/18/2013 12:58:09 PM * starting agent ./agent/LibRLAgent
12/18/2013 12:58:09 PM * starting env with ./environments/loop/LoopEnvironment
12/18/2013 12:58:10 PM Running: environments/contextbandit/ContextBanditEnvironment for the 0th time
12/18/2013 12:58:10 PM * starting rl_glue
12/18/2013 12:58:10 PM * starting agent ./agent/LibRLAgent
12/18/2013 12:58:10 PM * starting env with ./environments/contextbandit/ContextBanditEnvironment
12/18/2013 12:58:12 PM Running: environments/connectfour/ConnectfourEnvironment for the 0th time
12/18/2013 12:58:12 PM * starting rl_glue
12/18/2013 12:58:12 PM * starting agent ./agent/LibRLAgent
12/18/2013 12:58:12 PM * starting env with ./environments/connectfour/ConnectfourEnvironment
12/18/2013 12:58:13 PM Running: environments/mines/MinesEnvironment for the 0th time
12/18/2013 12:58:13 PM * starting rl_glue
12/18/2013 12:58:13 PM * starting agent ./agent/LibRLAgent
12/18/2013 12:58:13 PM * starting env with ./environments/mines/MinesEnvironment
12/18/2013 12:58:13 PM Running: environments/tictactoe/TictactoeEnvironment for the 0th time
12/18/2013 12:58:13 PM * starting rl_glue
12/18/2013 12:58:13 PM * starting agent ./agent/LibRLAgent
12/18/2013 12:58:13 PM * starting env with ./environments/tictactoe/TictactoeEnvironment
12/18/2013 12:58:16 PM Running: environments/bandits/BanditEnvironment for the 0th time
12/18/2013 12:58:16 PM * starting rl_glue
12/18/2013 12:58:16 PM * starting agent ./agent/LibRLAgent
12/18/2013 12:58:16 PM * starting env with ./environments/bandits/BanditEnvironment
12/18/2013 12:58:22 PM Running: environments/chain/ChainEnvironment for the 0th time
12/18/2013 12:58:22 PM * starting rl_glue
12/18/2013 12:58:22 PM * starting agent ./agent/LibRLAgent
12/18/2013 12:58:22 PM * starting env with ./environments/chain/ChainEnvironment
12/18/2013 12:58:23 PM Running: environments/loop/LoopEnvironment for the 0th time
12/18/2013 12:58:23 PM * starting rl_glue
12/18/2013 12:58:23 PM * starting agent ./agent/LibRLAgent
12/18/2013 12:58:23 PM * starting env with ./environments/loop/LoopEnvironment
12/18/2013 12:58:25 PM Running: environments/contextbandit/ContextBanditEnvironment for the 0th time
12/18/2013 12:58:25 PM * starting rl_glue
12/18/2013 12:58:25 PM * starting agent ./agent/LibRLAgent
12/18/2013 12:58:25 PM * starting env with ./environments/contextbandit/ContextBanditEnvironment
12/18/2013 12:58:27 PM Running: environments/connectfour/ConnectfourEnvironment for the 0th time
12/18/2013 12:58:27 PM * starting rl_glue
12/18/2013 12:58:27 PM * starting agent ./agent/LibRLAgent
12/18/2013 12:58:27 PM * starting env with ./environments/connectfour/ConnectfourEnvironment
12/18/2013 12:58:28 PM Running: environments/mines/MinesEnvironment for the 0th time
12/18/2013 12:58:28 PM * starting rl_glue
12/18/2013 12:58:28 PM * starting agent ./agent/LibRLAgent
12/18/2013 12:58:28 PM * starting env with ./environments/mines/MinesEnvironment
12/18/2013 12:58:28 PM Running: environments/tictactoe/TictactoeEnvironment for the 0th time
12/18/2013 12:58:28 PM * starting rl_glue
12/18/2013 12:58:28 PM * starting agent ./agent/LibRLAgent
12/18/2013 12:58:28 PM * starting env with ./environments/tictactoe/TictactoeEnvironment
12/18/2013 12:58:31 PM Running: environments/bandits/BanditEnvironment for the 0th time
12/18/2013 12:58:31 PM * starting rl_glue
12/18/2013 12:58:31 PM * starting agent ./agent/LibRLAgent
12/18/2013 12:58:31 PM * starting env with ./environments/bandits/BanditEnvironment
12/18/2013 12:58:37 PM Running: environments/chain/ChainEnvironment for the 0th time
12/18/2013 12:58:37 PM * starting rl_glue
12/18/2013 12:58:37 PM * starting agent ./agent/LibRLAgent
12/18/2013 12:58:37 PM * starting env with ./environments/chain/ChainEnvironment
12/18/2013 12:58:39 PM Running: environments/loop/LoopEnvironment for the 0th time
12/18/2013 12:58:39 PM * starting rl_glue
12/18/2013 12:58:39 PM * starting agent ./agent/LibRLAgent
12/18/2013 12:58:39 PM * starting env with ./environments/loop/LoopEnvironment
12/18/2013 12:58:40 PM Running: environments/contextbandit/ContextBanditEnvironment for the 0th time
12/18/2013 12:58:40 PM * starting rl_glue
12/18/2013 12:58:40 PM * starting agent ./agent/LibRLAgent
12/18/2013 12:58:40 PM * starting env with ./environments/contextbandit/ContextBanditEnvironment
12/18/2013 12:58:41 PM Running: environments/connectfour/ConnectfourEnvironment for the 0th time
12/18/2013 12:58:41 PM * starting rl_glue
12/18/2013 12:58:41 PM * starting agent ./agent/LibRLAgent
12/18/2013 12:58:41 PM * starting env with ./environments/connectfour/ConnectfourEnvironment
12/18/2013 12:58:42 PM Running: environments/mines/MinesEnvironment for the 0th time
12/18/2013 12:58:42 PM * starting rl_glue
12/18/2013 12:58:42 PM * starting agent ./agent/LibRLAgent
12/18/2013 12:58:42 PM * starting env with ./environments/mines/MinesEnvironment
12/18/2013 12:58:43 PM Running: environments/tictactoe/TictactoeEnvironment for the 0th time
12/18/2013 12:58:43 PM * starting rl_glue
12/18/2013 12:58:43 PM * starting agent ./agent/LibRLAgent
12/18/2013 12:58:43 PM * starting env with ./environments/tictactoe/TictactoeEnvironment
12/18/2013 12:58:46 PM Running: environments/bandits/BanditEnvironment for the 0th time
12/18/2013 12:58:46 PM * starting rl_glue
12/18/2013 12:58:46 PM * starting agent ./agent/LibRLAgent
12/18/2013 12:58:46 PM * starting env with ./environments/bandits/BanditEnvironment
12/18/2013 12:58:52 PM Running: environments/chain/ChainEnvironment for the 0th time
12/18/2013 12:58:52 PM * starting rl_glue
12/18/2013 12:58:52 PM * starting agent ./agent/LibRLAgent
12/18/2013 12:58:52 PM * starting env with ./environments/chain/ChainEnvironment
12/18/2013 12:58:53 PM Running: environments/loop/LoopEnvironment for the 0th time
12/18/2013 12:58:53 PM * starting rl_glue
12/18/2013 12:58:53 PM * starting agent ./agent/LibRLAgent
12/18/2013 12:58:53 PM * starting env with ./environments/loop/LoopEnvironment
12/18/2013 12:58:55 PM Running: environments/contextbandit/ContextBanditEnvironment for the 0th time
12/18/2013 12:58:55 PM * starting rl_glue
12/18/2013 12:58:55 PM * starting agent ./agent/LibRLAgent
12/18/2013 12:58:55 PM * starting env with ./environments/contextbandit/ContextBanditEnvironment
12/18/2013 12:58:57 PM Running: environments/connectfour/ConnectfourEnvironment for the 0th time
12/18/2013 12:58:57 PM * starting rl_glue
12/18/2013 12:58:57 PM * starting agent ./agent/LibRLAgent
12/18/2013 12:58:57 PM * starting env with ./environments/connectfour/ConnectfourEnvironment
12/18/2013 12:58:57 PM Running: environments/mines/MinesEnvironment for the 0th time
12/18/2013 12:58:57 PM * starting rl_glue
12/18/2013 12:58:57 PM * starting agent ./agent/LibRLAgent
12/18/2013 12:58:57 PM * starting env with ./environments/mines/MinesEnvironment
12/18/2013 12:59:01 PM Running: environments/tictactoe/TictactoeEnvironment for the 0th time
12/18/2013 12:59:01 PM * starting rl_glue
12/18/2013 12:59:01 PM * starting agent ./agent/LibRLAgent
12/18/2013 12:59:01 PM * starting env with ./environments/tictactoe/TictactoeEnvironment
12/18/2013 12:59:04 PM Running: environments/bandits/BanditEnvironment for the 0th time
12/18/2013 12:59:04 PM * starting rl_glue
12/18/2013 12:59:04 PM * starting agent ./agent/LibRLAgent
12/18/2013 12:59:04 PM * starting env with ./environments/bandits/BanditEnvironment
12/18/2013 12:59:14 PM Running: environments/chain/ChainEnvironment for the 0th time
12/18/2013 12:59:14 PM * starting rl_glue
12/18/2013 12:59:14 PM * starting agent ./agent/LibRLAgent
12/18/2013 12:59:14 PM * starting env with ./environments/chain/ChainEnvironment
12/18/2013 12:59:16 PM Running: environments/loop/LoopEnvironment for the 0th time
12/18/2013 12:59:16 PM * starting rl_glue
12/18/2013 12:59:16 PM * starting agent ./agent/LibRLAgent
12/18/2013 12:59:16 PM * starting env with ./environments/loop/LoopEnvironment
12/18/2013 12:59:17 PM Running: environments/contextbandit/ContextBanditEnvironment for the 0th time
12/18/2013 12:59:17 PM * starting rl_glue
12/18/2013 12:59:17 PM * starting agent ./agent/LibRLAgent
12/18/2013 12:59:17 PM * starting env with ./environments/contextbandit/ContextBanditEnvironment
12/18/2013 12:59:20 PM Running: environments/connectfour/ConnectfourEnvironment for the 0th time
12/18/2013 12:59:20 PM * starting rl_glue
12/18/2013 12:59:20 PM * starting agent ./agent/LibRLAgent
12/18/2013 12:59:20 PM * starting env with ./environments/connectfour/ConnectfourEnvironment
12/18/2013 12:59:20 PM Running: environments/mines/MinesEnvironment for the 0th time
12/18/2013 12:59:20 PM * starting rl_glue
12/18/2013 12:59:20 PM * starting agent ./agent/LibRLAgent
12/18/2013 12:59:20 PM * starting env with ./environments/mines/MinesEnvironment
12/18/2013 12:59:20 PM Running: environments/tictactoe/TictactoeEnvironment for the 0th time
12/18/2013 12:59:20 PM * starting rl_glue
12/18/2013 12:59:20 PM * starting agent ./agent/LibRLAgent
12/18/2013 12:59:20 PM * starting env with ./environments/tictactoe/TictactoeEnvironment
12/18/2013 12:59:23 PM Running: environments/bandits/BanditEnvironment for the 0th time
12/18/2013 12:59:23 PM * starting rl_glue
12/18/2013 12:59:23 PM * starting agent ./agent/LibRLAgent
12/18/2013 12:59:23 PM * starting env with ./environments/bandits/BanditEnvironment
12/18/2013 12:59:31 PM Running: environments/chain/ChainEnvironment for the 0th time
12/18/2013 12:59:31 PM * starting rl_glue
12/18/2013 12:59:31 PM * starting agent ./agent/LibRLAgent
12/18/2013 12:59:31 PM * starting env with ./environments/chain/ChainEnvironment
12/18/2013 12:59:32 PM Running: environments/loop/LoopEnvironment for the 0th time
12/18/2013 12:59:32 PM * starting rl_glue
12/18/2013 12:59:32 PM * starting agent ./agent/LibRLAgent
12/18/2013 12:59:32 PM * starting env with ./environments/loop/LoopEnvironment
12/18/2013 12:59:34 PM Running: environments/contextbandit/ContextBanditEnvironment for the 0th time
12/18/2013 12:59:34 PM * starting rl_glue
12/18/2013 12:59:34 PM * starting agent ./agent/LibRLAgent
12/18/2013 12:59:34 PM * starting env with ./environments/contextbandit/ContextBanditEnvironment
12/18/2013 12:59:36 PM Running: environments/connectfour/ConnectfourEnvironment for the 0th time
12/18/2013 12:59:36 PM * starting rl_glue
12/18/2013 12:59:36 PM * starting agent ./agent/LibRLAgent
12/18/2013 12:59:36 PM * starting env with ./environments/connectfour/ConnectfourEnvironment
12/18/2013 12:59:37 PM Running: environments/mines/MinesEnvironment for the 0th time
12/18/2013 12:59:37 PM * starting rl_glue
12/18/2013 12:59:37 PM * starting agent ./agent/LibRLAgent
12/18/2013 12:59:37 PM * starting env with ./environments/mines/MinesEnvironment
12/18/2013 12:59:37 PM Running: environments/tictactoe/TictactoeEnvironment for the 0th time
12/18/2013 12:59:37 PM * starting rl_glue
12/18/2013 12:59:37 PM * starting agent ./agent/LibRLAgent
12/18/2013 12:59:37 PM * starting env with ./environments/tictactoe/TictactoeEnvironment
12/18/2013 12:59:41 PM Running: environments/bandits/BanditEnvironment for the 0th time
12/18/2013 12:59:41 PM * starting rl_glue
12/18/2013 12:59:41 PM * starting agent ./agent/LibRLAgent
12/18/2013 12:59:41 PM * starting env with ./environments/bandits/BanditEnvironment
12/18/2013 12:59:49 PM Running: environments/chain/ChainEnvironment for the 0th time
12/18/2013 12:59:49 PM * starting rl_glue
12/18/2013 12:59:49 PM * starting agent ./agent/LibRLAgent
12/18/2013 12:59:49 PM * starting env with ./environments/chain/ChainEnvironment
12/18/2013 12:59:50 PM Running: environments/loop/LoopEnvironment for the 0th time
12/18/2013 12:59:50 PM * starting rl_glue
12/18/2013 12:59:50 PM * starting agent ./agent/LibRLAgent
12/18/2013 12:59:50 PM * starting env with ./environments/loop/LoopEnvironment
12/18/2013 12:59:52 PM Running: environments/contextbandit/ContextBanditEnvironment for the 0th time
12/18/2013 12:59:52 PM * starting rl_glue
12/18/2013 12:59:52 PM * starting agent ./agent/LibRLAgent
12/18/2013 12:59:52 PM * starting env with ./environments/contextbandit/ContextBanditEnvironment
12/18/2013 12:59:53 PM Running: environments/connectfour/ConnectfourEnvironment for the 0th time
12/18/2013 12:59:53 PM * starting rl_glue
12/18/2013 12:59:53 PM * starting agent ./agent/LibRLAgent
12/18/2013 12:59:53 PM * starting env with ./environments/connectfour/ConnectfourEnvironment
